0 info it worked if it ends with ok
1 verbose cli [ 'C:\\Program Files\\nodejs\\node.exe',
1 verbose cli   'C:\\Program Files\\nodejs\\node_modules\\npm\\bin\\npm-cli.js',
1 verbose cli   'publish' ]
2 info using npm@3.10.3
3 info using node@v6.3.0
4 verbose publish [ '.' ]
5 silly cache add args [ '.', null ]
6 verbose cache add spec .
7 silly cache add parsed spec Result {
7 silly cache add   raw: '.',
7 silly cache add   scope: null,
7 silly cache add   escapedName: null,
7 silly cache add   name: null,
7 silly cache add   rawSpec: '.',
7 silly cache add   spec: 'C:\\Projects\\filtr',
7 silly cache add   type: 'directory' }
8 verbose addLocalDirectory C:\Users\msudol\AppData\Roaming\npm-cache\qfiltr\0.0.2\package.tgz not in flight; packing
9 verbose correctMkdir C:\Users\msudol\AppData\Roaming\npm-cache correctMkdir not in flight; initializing
10 info lifecycle qfiltr@0.0.2~prepublish: qfiltr@0.0.2
11 silly lifecycle qfiltr@0.0.2~prepublish: no script for prepublish, continuing
12 verbose tar pack [ 'C:\\Users\\msudol\\AppData\\Roaming\\npm-cache\\qfiltr\\0.0.2\\package.tgz',
12 verbose tar pack   'C:\\Projects\\filtr' ]
13 verbose tarball C:\Users\msudol\AppData\Roaming\npm-cache\qfiltr\0.0.2\package.tgz
14 verbose folder C:\Projects\filtr
15 verbose addLocalTarball adding from inside cache C:\Users\msudol\AppData\Roaming\npm-cache\qfiltr\0.0.2\package.tgz
16 verbose correctMkdir C:\Users\msudol\AppData\Roaming\npm-cache correctMkdir not in flight; initializing
17 silly cache afterAdd qfiltr@0.0.2
18 verbose afterAdd C:\Users\msudol\AppData\Roaming\npm-cache\qfiltr\0.0.2\package\package.json not in flight; writing
19 verbose correctMkdir C:\Users\msudol\AppData\Roaming\npm-cache correctMkdir not in flight; initializing
20 verbose afterAdd C:\Users\msudol\AppData\Roaming\npm-cache\qfiltr\0.0.2\package\package.json written
21 silly publish { name: 'qfiltr',
21 silly publish   version: '0.0.2',
21 silly publish   description: 'A javascript filter & queue system.',
21 silly publish   main: 'index.js',
21 silly publish   author: { name: 'Matthew Sudol' },
21 silly publish   url: 'https://github.com/msudol/qfiltr',
21 silly publish   repository: { type: 'git', url: 'git+https://github.com/msudol/qfiltr.git' },
21 silly publish   readme: '# QFiltr\r\n\r\nQFilter is a powerful but simple filter, limiter & queueing system that can be used to moderate or maintain a data stream.\r\n\r\nSome use cases:\r\n- Use within an API in order to rate limit incoming requests.\r\n- Use with UI interactions, like a button that can be rapidly pressed, to run a function via queue or rate limit.\r\n\r\n## Installation\r\n\r\nQFilter can be installed for use in a Node.js application via NPM, or for use in a basic javascript application or website by getting the standalone qfiltr.js from the GitHub Repository. \r\n\r\n### NPM\r\n\r\nnpm install qfiltr\r\n\r\nvar qfiltr = require("qfiltr");\r\nvar myQfiltr = new qfiltr();\r\n\r\n### Javascript\r\n\r\nGet the standalone version from https://github.com/msudol/qfiltr\r\n\r\n- Standalone version is in /tests/qfiltr.js\r\n- See how to embed in javascript in /tests/basic-test.html\r\n\r\n## Basic Usage\r\n\r\nqfiltr.COMMAND("id", {options}, callback(s))\r\n\r\n### qfiltr.limit: \r\n\r\nLimit is a basic hard limit, where anything over X messages in Y seconds returns the fail callback, while anything that is under the limit returns the success callback.\r\n\r\n- Options Object\r\n  - limitCount:3\r\n  - limitTime:1000\r\n\r\n### qfiltr.queue: \r\n\r\nQueue is basic queueing function, feed messages in at any rate, and they are processed at the queue settings rate until the queue runs out.\r\n\r\n- Options Object\r\n  - queueTimer:1000\r\n\r\n### TODO\r\n- qfiltr.filter: pass filter regex / matching conditions along with message \r\n\r\n- qfilter.qlimit: combination of queue and limiting in one function ',
21 silly publish   readmeFilename: 'README.md',
21 silly publish   gitHead: 'a846589e563e1ec7a37b581af3e61b3d4d06ebae',
21 silly publish   bugs: { url: 'https://github.com/msudol/qfiltr/issues' },
21 silly publish   homepage: 'https://github.com/msudol/qfiltr#readme',
21 silly publish   _id: 'qfiltr@0.0.2',
21 silly publish   scripts: {},
21 silly publish   _shasum: 'c32d518e2358706832662033be4c56f7e7a50b58',
21 silly publish   _from: '.' }
22 verbose getPublishConfig undefined
23 silly mapToRegistry name qfiltr
24 silly mapToRegistry using default registry
25 silly mapToRegistry registry https://registry.npmjs.org/
26 silly mapToRegistry data Result {
26 silly mapToRegistry   raw: 'qfiltr',
26 silly mapToRegistry   scope: null,
26 silly mapToRegistry   escapedName: 'qfiltr',
26 silly mapToRegistry   name: 'qfiltr',
26 silly mapToRegistry   rawSpec: '',
26 silly mapToRegistry   spec: 'latest',
26 silly mapToRegistry   type: 'tag' }
27 silly mapToRegistry uri https://registry.npmjs.org/qfiltr
28 verbose publish registryBase https://registry.npmjs.org/
29 silly publish uploading C:\Users\msudol\AppData\Roaming\npm-cache\qfiltr\0.0.2\package.tgz
30 verbose request uri https://registry.npmjs.org/qfiltr
31 verbose request sending authorization for write operation
32 info attempt registry request try #1 at 2:07:25 PM
33 verbose request using bearer token for auth
34 verbose request id caf13829805e4d7a
35 http request PUT https://registry.npmjs.org/qfiltr
36 http 403 https://registry.npmjs.org/qfiltr
37 verbose headers { 'content-type': 'application/json',
37 verbose headers   'cache-control': 'max-age=300',
37 verbose headers   'content-length': '95',
37 verbose headers   'accept-ranges': 'bytes',
37 verbose headers   date: 'Tue, 28 Mar 2017 18:07:39 GMT',
37 verbose headers   via: '1.1 varnish',
37 verbose headers   connection: 'keep-alive',
37 verbose headers   'x-served-by': 'cache-dfw1833-DFW',
37 verbose headers   'x-cache': 'MISS',
37 verbose headers   'x-cache-hits': '0',
37 verbose headers   'x-timer': 'S1490724458.623598,VS0,VE811',
37 verbose headers   vary: 'Accept-Encoding' }
38 verbose request invalidating C:\Users\msudol\AppData\Roaming\npm-cache\registry.npmjs.org\qfiltr on PUT
39 error publish Failed PUT 403
40 verbose stack Error: "You cannot publish over the previously published version 0.0.2." : qfiltr
40 verbose stack     at makeError (C:\Program Files\nodejs\node_modules\npm\node_modules\npm-registry-client\lib\request.js:264:12)
40 verbose stack     at CachingRegistryClient.<anonymous> (C:\Program Files\nodejs\node_modules\npm\node_modules\npm-registry-client\lib\request.js:252:14)
40 verbose stack     at Request._callback (C:\Program Files\nodejs\node_modules\npm\node_modules\npm-registry-client\lib\request.js:172:14)
40 verbose stack     at Request.self.callback (C:\Program Files\nodejs\node_modules\npm\node_modules\request\request.js:200:22)
40 verbose stack     at emitTwo (events.js:106:13)
40 verbose stack     at Request.emit (events.js:191:7)
40 verbose stack     at Request.<anonymous> (C:\Program Files\nodejs\node_modules\npm\node_modules\request\request.js:1067:10)
40 verbose stack     at emitOne (events.js:101:20)
40 verbose stack     at Request.emit (events.js:188:7)
40 verbose stack     at IncomingMessage.<anonymous> (C:\Program Files\nodejs\node_modules\npm\node_modules\request\request.js:988:12)
41 verbose statusCode 403
42 verbose pkgid qfiltr
43 verbose cwd C:\Projects\filtr
44 error Windows_NT 10.0.10586
45 error argv "C:\\Program Files\\nodejs\\node.exe" "C:\\Program Files\\nodejs\\node_modules\\npm\\bin\\npm-cli.js" "publish"
46 error node v6.3.0
47 error npm  v3.10.3
48 error code E403
49 error "You cannot publish over the previously published version 0.0.2." : qfiltr
50 error If you need help, you may report this error at:
50 error     <https://github.com/npm/npm/issues>
51 verbose exit [ 1, true ]
